0 info it worked if it ends with ok
1 verbose cli [ '/usr/local/bin/node', '/usr/local/bin/npm', 'run', 'devdemo' ]
2 info using npm@3.6.0
3 info using node@v5.6.0
4 verbose run-script [ 'predevdemo', 'devdemo', 'postdevdemo' ]
5 info lifecycle Space@0.0.1~predevdemo: Space@0.0.1
6 silly lifecycle Space@0.0.1~predevdemo: no script for predevdemo, continuing
7 info lifecycle Space@0.0.1~devdemo: Space@0.0.1
8 verbose lifecycle Space@0.0.1~devdemo: unsafe-perm in lifecycle true
9 verbose lifecycle Space@0.0.1~devdemo: PATH: /usr/local/lib/node_modules/npm/bin/node-gyp-bin:/home/joerg/Workspace/space/node_modules/.bin:/usr/local/sbin:/usr/local/bin:/usr/sbin:/usr/bin:/sbin:/bin:/usr/games:/usr/local/games:/snap/bin:/usr/lib/jvm/java-8-oracle/bin:/usr/lib/jvm/java-8-oracle/db/bin:/usr/lib/jvm/java-8-oracle/jre/bin:/home/joerg/.rvm/bin:/home/joerg/.rvm/bin:/home/joerg/Android/Sdk/tools:/home/joerg/Android/Sdk/platform-tools:/home/joerg/Android/Sdk/tools:/home/joerg/Android/Sdk/platform-tools
10 verbose lifecycle Space@0.0.1~devdemo: CWD: /home/joerg/Workspace/space
11 silly lifecycle Space@0.0.1~devdemo: Args: [ '-c', 'node ./build project demo' ]
12 silly lifecycle Space@0.0.1~devdemo: Returned: code: 1  signal: null
13 info lifecycle Space@0.0.1~devdemo: Failed to exec devdemo script
14 verbose stack Error: Space@0.0.1 devdemo: `node ./build project demo`
14 verbose stack Exit status 1
14 verbose stack     at EventEmitter.<anonymous> (/usr/local/lib/node_modules/npm/lib/utils/lifecycle.js:232:16)
14 verbose stack     at emitTwo (events.js:100:13)
14 verbose stack     at EventEmitter.emit (events.js:185:7)
14 verbose stack     at ChildProcess.<anonymous> (/usr/local/lib/node_modules/npm/lib/utils/spawn.js:24:14)
14 verbose stack     at emitTwo (events.js:100:13)
14 verbose stack     at ChildProcess.emit (events.js:185:7)
14 verbose stack     at maybeClose (internal/child_process.js:827:16)
14 verbose stack     at Process.ChildProcess._handle.onexit (internal/child_process.js:211:5)
15 verbose pkgid Space@0.0.1
16 verbose cwd /home/joerg/Workspace/space
17 error Linux 4.4.0-67-generic
18 error argv "/usr/local/bin/node" "/usr/local/bin/npm" "run" "devdemo"
19 error node v5.6.0
20 error npm  v3.6.0
21 error code ELIFECYCLE
22 error Space@0.0.1 devdemo: `node ./build project demo`
22 error Exit status 1
23 error Failed at the Space@0.0.1 devdemo script 'node ./build project demo'.
23 error Make sure you have the latest version of node.js and npm installed.
23 error If you do, this is most likely a problem with the Space package,
23 error not with npm itself.
23 error Tell the author that this fails on your system:
23 error     node ./build project demo
23 error You can get information on how to open an issue for this project with:
23 error     npm bugs Space
23 error Or if that isn't available, you can get their info via:
23 error     npm owner ls Space
23 error There is likely additional logging output above.
24 verbose exit [ 1, true ]
